<?xml version="1.0" encoding="UTF-8"?>
<!-- Generated by org.testng.reporters.JUnitXMLReporter -->
<testsuite ignored="0" hostname="WarMachine" failures="0" tests="3" name="Default test" time="8.567" errors="0" timestamp="2025-02-19T01:03:21 IST">
  <testcase classname="tests.LoginPageTest" name="testURL" time="0.012"/>
  <testcase classname="tests.LoginPageTest" name="Login_Manager" time="5.512"/>
  <testcase classname="tests.LoginPageTest" name="forgotPass" time="0.289"/>
</testsuite> <!-- Default test -->
