<?xml version="1.0" encoding="UTF-8"?>
<testng-results ignored="0" total="2" passed="2" failed="0" skipped="0">
  <reporter-output>
  </reporter-output>
  <suite started-at="2025-02-18T23:06:41 IST" name="Default suite" finished-at="2025-02-18T23:06:43 IST" duration-ms="2836">
    <groups>
    </groups>
    <test started-at="2025-02-18T23:06:41 IST" name="Default test" finished-at="2025-02-18T23:06:43 IST" duration-ms="2836">
      <class name="tests.LoginPageTest">
        <test-method is-config="true" signature="setUp()[pri:0, instance:tests.LoginPageTest@52e6fdee]" started-at="2025-02-18T23:06:41 IST" name="setUp" finished-at="2025-02-18T23:06:43 IST" duration-ms="2292" status="PASS">
          <reporter-output>
          </reporter-output>
        </test-method> <!-- setUp -->
        <test-method signature="Login_Manager()[pri:0, instance:tests.LoginPageTest@52e6fdee]" started-at="2025-02-18T23:06:43 IST" name="Login_Manager" finished-at="2025-02-18T23:06:43 IST" duration-ms="353" status="PASS">
          <reporter-output>
          </reporter-output>
        </test-method> <!-- Login_Manager -->
        <test-method signature="testURL()[pri:0, instance:tests.LoginPageTest@52e6fdee]" started-at="2025-02-18T23:06:43 IST" name="testURL" finished-at="2025-02-18T23:06:43 IST" duration-ms="10" status="PASS">
          <reporter-output>
          </reporter-output>
        </test-method> <!-- testURL -->
        <test-method is-config="true" signature="tearDown()[pri:0, instance:tests.LoginPageTest@52e6fdee]" started-at="2025-02-18T23:06:43 IST" name="tearDown" finished-at="2025-02-18T23:06:43 IST" duration-ms="145" status="PASS">
          <reporter-output>
          </reporter-output>
        </test-method> <!-- tearDown -->
      </class> <!-- tests.LoginPageTest -->
    </test> <!-- Default test -->
  </suite> <!-- Default suite -->
</testng-results>
