<?xml version="1.0" encoding="UTF-8"?>
<testng-results ignored="0" total="1" passed="1" failed="0" skipped="0">
  <reporter-output>
  </reporter-output>
  <suite started-at="2025-02-18T22:21:39 IST" name="Default suite" finished-at="2025-02-18T22:21:42 IST" duration-ms="2475">
    <groups>
    </groups>
    <test started-at="2025-02-18T22:21:39 IST" name="Default test" finished-at="2025-02-18T22:21:42 IST" duration-ms="2475">
      <class name="tests.LoginPageTest">
        <test-method is-config="true" signature="setUp()[pri:0, instance:tests.LoginPageTest@14dd9eb7]" started-at="2025-02-18T22:21:39 IST" name="setUp" finished-at="2025-02-18T22:21:41 IST" duration-ms="2119" status="PASS">
          <reporter-output>
          </reporter-output>
        </test-method> <!-- setUp -->
        <test-method signature="testURL()[pri:0, instance:tests.LoginPageTest@14dd9eb7]" started-at="2025-02-18T22:21:41 IST" name="testURL" finished-at="2025-02-18T22:21:41 IST" duration-ms="17" status="PASS">
          <reporter-output>
          </reporter-output>
        </test-method> <!-- testURL -->
        <test-method is-config="true" signature="tearDown()[pri:0, instance:tests.LoginPageTest@14dd9eb7]" started-at="2025-02-18T22:21:41 IST" name="tearDown" finished-at="2025-02-18T22:21:42 IST" duration-ms="310" status="PASS">
          <reporter-output>
          </reporter-output>
        </test-method> <!-- tearDown -->
      </class> <!-- tests.LoginPageTest -->
    </test> <!-- Default test -->
  </suite> <!-- Default suite -->
</testng-results>
